          [0000000000000000]                                                            format COFF
                                                                                        
          [.flat:0000000000000000]                                                      use32
                                                                                        
                                                                                        extrn '_main' as main
                                                                                        extrn '?fault_handler@IDT@@AAEXPAU_REGS@@@Z' as fault_handler
                                                                                        extrn '?irq_handler@IDT@@AAEXPAU_REGS@@@Z' as irq_handler  
                                                                                        
                                                                                        RM_ESP EQU 0x7E00
                                                                                        RM_EBP EQU 0x7E04
                                                                                        PM_ESP EQU 0x7E08
                                                                                        PM_EBP EQU 0x7E0C
                                                                                        
                                                                                        public start as '_mainCRTStartup'
                                                                                        start:
0000003C:                          89 25 00 7E 00 00                                    	mov dword [RM_ESP],esp
00000042: [.flat:0000000000000006] 89 2D 04 7E 00 00                                    	mov dword [RM_EBP],ebp
                                                                                        	;stiva incepe la adrese mari
00000048: [.flat:000000000000000C] BC 00 00 30 00                                       	mov esp,0x300000
0000004D: [.flat:0000000000000011] BD 00 00 30 00                                       	mov ebp,0x300000
00000052: [.flat:0000000000000016] E8 00 00 00 00                                       	call main+5+22
00000057: [.flat:000000000000001B] EB FE                                                	jmp $
00000059: [.flat:000000000000001D] C3                                                   ret
                                                                                        
0000005A: [.flat:000000000000001E] 00 00 00 00 00 00 00 00 00 00 00 00 00 00 00 00      reserved: times 100-($-$$) db 0
                                   00 00 00 00 00 00 00 00 00 00 00 00 00 00 00 00      
                                   00 00 00 00 00 00 00 00 00 00 00 00 00 00 00 00      
                                   00 00 00 00 00 00 00 00 00 00 00 00 00 00 00 00      
                                   00 00 00 00 00 00                                    
000000A0: [.flat:0000000000000064] 42 4F 4F 54 00                                       signature: db 'BOOT',0
000000A5: [.flat:0000000000000069] 01 01 00 00                                          		   dd 0x000101
000000A9: [.flat:000000000000006D] 43 68 72 69 73 74 6D 61 73 20 42 6F 6F 74 20 4D      		   db 'Christmas Boot Manager'        
                                   61 6E 61 67 65 72                                    
                                                                                        		   
                                                                                        ;DoRmInt(int,ax,bx,cx,dx)
          [.flat:0000000000000083]                                                      public DoRmInt as '_DoRmInt'
                                                                                        DoRmInt:
000000BF:                          55                                                   	push ebp
000000C0: [.flat:0000000000000084] 89 E5                                                	mov ebp,esp
000000C2: [.flat:0000000000000086] 83 EC 40                                             	sub esp,0x40
000000C5: [.flat:0000000000000089] 8B 45 08                                             	mov eax,dword[ebp+8]
000000C8: [.flat:000000000000008C] A2 00 08 00 00                                       	mov byte[0x800],al
000000CD: [.flat:0000000000000091] 8B 45 0C                                             	mov eax,dword[ebp+12]
000000D0: [.flat:0000000000000094] 66 A3 02 08 00 00                                    	mov word[0x802],ax
000000D6: [.flat:000000000000009A] 8B 45 10                                             	mov eax,dword[ebp+16]
000000D9: [.flat:000000000000009D] 66 A3 04 08 00 00                                    	mov word[0x804],ax
000000DF: [.flat:00000000000000A3] 8B 45 14                                             	mov eax,dword[ebp+20]
000000E2: [.flat:00000000000000A6] 66 A3 06 08 00 00                                    	mov word[0x806],ax
000000E8: [.flat:00000000000000AC] 8B 45 18                                             	mov eax,dword[ebp+24]
000000EB: [.flat:00000000000000AF] 66 A3 08 08 00 00                                    	mov word[0x808],ax
000000F1: [.flat:00000000000000B5] E8 04 00 00 00                                       	call rmode_int		
000000F6: [.flat:00000000000000BA] 89 EC                                                	mov esp,ebp
000000F8: [.flat:00000000000000BC] 5D                                                   	pop ebp
000000F9: [.flat:00000000000000BD] C3                                                   ret
                                                                                        
          [.flat:00000000000000BE]                                                      rmode_int:
                                                                                        	;backup ebp/esp
000000FA:                          89 25 08 7E 00 00                                    	mov dword[PM_ESP],esp
00000100: [.flat:00000000000000C4] 89 2D 0C 7E 00 00                                    	mov dword[PM_EBP],ebp
                                                                                        	;use RM stack
00000106: [.flat:00000000000000CA] 8B 25 00 7E 00 00                                    	mov esp,dword[RM_ESP]
0000010C: [.flat:00000000000000D0] 8B 2D 04 7E 00 00                                    	mov ebp,dword[RM_EBP]
                                                                                        
                                                                                        	;disable IRQS
00000112: [.flat:00000000000000D6] B0 FF                                                	mov	  al, 0xFF
00000114: [.flat:00000000000000D8] E6 21                                                	out	  0x21, al
00000116: [.flat:00000000000000DA] E6 A1                                                	out	  0xA1, al
                                                                                        
                                                                                        	;remap PICs
00000118: [.flat:00000000000000DC] B0 11                                                	mov   al,11h
0000011A: [.flat:00000000000000DE] E6 20                                                	out   0x20,al
0000011C: [.flat:00000000000000E0] E6 A0                                                	out   0xA0,al
0000011E: [.flat:00000000000000E2] B0 08                                                	mov   al,0x08
00000120: [.flat:00000000000000E4] E6 21                                                	out   0x21,al
00000122: [.flat:00000000000000E6] B0 70                                                	mov   al,0x70
00000124: [.flat:00000000000000E8] E6 A1                                                	out   0xA1,al
00000126: [.flat:00000000000000EA] B0 04                                                	mov   al,4
00000128: [.flat:00000000000000EC] E6 21                                                	out   0x21,al
0000012A: [.flat:00000000000000EE] B0 02                                                	mov   al,2
0000012C: [.flat:00000000000000F0] E6 A1                                                	out   0xA1,al
0000012E: [.flat:00000000000000F2] B0 01                                                	mov   al,1
00000130: [.flat:00000000000000F4] E6 21                                                	out   0x21,al
00000132: [.flat:00000000000000F6] E6 A1                                                	out   0xA1,al
                                                                                        
                                                                                        	;continuam in MBR, pentru ca acolo codul este pe 16 biti
00000134: [.flat:00000000000000F8] EA E4 06 00 00 18 00                                 	jmp   pword 0x18:0x6E4
                                                                                        	
          [.flat:00000000000000FF]                                                      gobackto_pm:
0000013B:                          66 B8 10 00                                          	mov	  ax, 0x10			     
0000013F: [.flat:0000000000000103] 8E D8                                                	mov	  ds, ax
00000141: [.flat:0000000000000105] 8E C0                                                	mov	  es, ax
00000143: [.flat:0000000000000107] 8E E0                                                	mov	  fs, ax
00000145: [.flat:0000000000000109] 8E E8                                                	mov	  gs, ax
00000147: [.flat:000000000000010B] 8E D0                                                	mov	  ss, ax
                                                                                        
                                                                                        	;restore PM stack
00000149: [.flat:000000000000010D] 8B 25 08 7E 00 00                                    	mov esp,dword[PM_ESP]
0000014F: [.flat:0000000000000113] 8B 2D 0C 7E 00 00                                    	mov ebp,dword[PM_EBP]
                                                                                        
00000155: [.flat:0000000000000119] 0F 01 1D 80 7B 00 00                                 	lidt  [0x7B80]
                                                                                        	
                                                                                        	;remap PICs
0000015C: [.flat:0000000000000120] B0 11                                                	mov  al,0x11					  ; put both 8259s in init mode
0000015E: [.flat:0000000000000122] E6 20                                                	out  0x20,al
00000160: [.flat:0000000000000124] E6 A0                                                	out  0xA0,al
00000162: [.flat:0000000000000126] B0 20                                                	mov  al,0x20					  ; remap pic irq0-irq7 -> int 0x20-27
00000164: [.flat:0000000000000128] E6 21                                                	out  0x21,al
00000166: [.flat:000000000000012A] B0 28                                                	mov  al,0x28
00000168: [.flat:000000000000012C] E6 A1                                                	out  0xA1,al					  ; remap pic irq8-irq15 -> int 0x28-30
0000016A: [.flat:000000000000012E] B0 04                                                	mov  al,4						  ; icw3 pic1(master)
0000016C: [.flat:0000000000000130] E6 21                                                	out  0x21,al					  ; bit 2=1: irq2 is the slave
0000016E: [.flat:0000000000000132] B0 02                                                	mov  al,2						  ; icw3 pic2
00000170: [.flat:0000000000000134] E6 A1                                                	out  0xA1,al					  ; bit 1=1: slave id is 2
00000172: [.flat:0000000000000136] B0 01                                                	mov  al,1						  ; icw4 to both controllers
00000174: [.flat:0000000000000138] E6 21                                                	out  0x21,al					  ; bit 0=1: 8086 mode
00000176: [.flat:000000000000013A] E6 A1                                                	out  0xA1,al
                                                                                        
                                                                                        	;enable IRQs
00000178: [.flat:000000000000013C] B0 00                                                	mov	  al, 0
0000017A: [.flat:000000000000013E] E6 21                                                	out	  0x21, al
0000017C: [.flat:0000000000000140] E6 A1                                                	out	  0xA1, al
                                                                                        	;sti
0000017E: [.flat:0000000000000142] F8                                                   	clc					          ; clear carry.
0000017F: [.flat:0000000000000143] 80 3D 01 08 00 00 01                                 	cmp	  byte[0x801], 1		  ; if error, then
00000186: [.flat:000000000000014A] 75 01                                                	jne	  .end
00000188: [.flat:000000000000014C] F9                                                   	stc					      ; set carry.
          [.flat:000000000000014D]                                                      	.end:
00000189:                          C3                                                   	ret
                                                                                        
          [.flat:000000000000014E]                                                      public gdt_flush as '_gdt_flush'
                                                                                        gdt_flush:
0000018A:                          0F 01 15 20 08 00 00                                     lgdt [0x820]
00000191: [.flat:0000000000000155] 66 B8 10 00                                              mov ax, 0x10
00000195: [.flat:0000000000000159] 8E D8                                                    mov ds, ax
00000197: [.flat:000000000000015B] 8E C0                                                    mov es, ax
00000199: [.flat:000000000000015D] 8E E0                                                    mov fs, ax
0000019B: [.flat:000000000000015F] 8E E8                                                    mov gs, ax
0000019D: [.flat:0000000000000161] 8E D0                                                    mov ss, ax
0000019F: [.flat:0000000000000163] EA 6A 01 00 00 08 00                                     jmp 0x08:$+7
          [.flat:000000000000016A]                                                      flush2:
000001A6:                          C3                                                       ret
                                                                                        
          [.flat:000000000000016B]                                                      public idt_load as '_idt_load'
                                                                                        idt_load:
000001A7:                          0F 01 1D 80 7B 00 00                                 	lidt [0x7B80]
000001AE: [.flat:0000000000000172] C3                                                   	ret
                                                                                        
          [.flat:0000000000000173]                                                      public isr_common_stub as '_isr_common_stub'
                                                                                        isr_common_stub:
000001AF:                          60                                                       pusha
000001B0: [.flat:0000000000000174] 1E                                                       push ds
000001B1: [.flat:0000000000000175] 06                                                       push es
000001B2: [.flat:0000000000000176] 0F A0                                                    push fs
000001B4: [.flat:0000000000000178] 0F A8                                                    push gs
000001B6: [.flat:000000000000017A] 66 B8 10 00                                              mov ax, 0x10
000001BA: [.flat:000000000000017E] 8E D8                                                    mov ds, ax
000001BC: [.flat:0000000000000180] 8E C0                                                    mov es, ax
000001BE: [.flat:0000000000000182] 8E E0                                                    mov fs, ax
000001C0: [.flat:0000000000000184] 8E E8                                                    mov gs, ax
000001C2: [.flat:0000000000000186] 89 E0                                                    mov eax, esp
000001C4: [.flat:0000000000000188] 50                                                       push eax
000001C5: [.flat:0000000000000189] B8 00 00 00 00                                       	mov eax,fault_handler
000001CA: [.flat:000000000000018E] FF D0                                                    call eax
000001CC: [.flat:0000000000000190] 58                                                       pop eax
000001CD: [.flat:0000000000000191] 0F A9                                                    pop gs
000001CF: [.flat:0000000000000193] 0F A1                                                    pop fs
000001D1: [.flat:0000000000000195] 07                                                       pop es
000001D2: [.flat:0000000000000196] 1F                                                       pop ds
000001D3: [.flat:0000000000000197] 61                                                       popa
000001D4: [.flat:0000000000000198] 83 C4 08                                                 add esp, 8
000001D7: [.flat:000000000000019B] CF                                                       iret
                                                                                        	
          [.flat:000000000000019C]                                                      public irq_common_stub as '_irq_common_stub'
                                                                                        irq_common_stub:
000001D8:                          60                                                       pusha
000001D9: [.flat:000000000000019D] 1E                                                       push ds
000001DA: [.flat:000000000000019E] 06                                                       push es
000001DB: [.flat:000000000000019F] 0F A0                                                    push fs
000001DD: [.flat:00000000000001A1] 0F A8                                                    push gs
                                                                                        
000001DF: [.flat:00000000000001A3] 66 B8 10 00                                              mov ax, 0x10
000001E3: [.flat:00000000000001A7] 8E D8                                                    mov ds, ax
000001E5: [.flat:00000000000001A9] 8E C0                                                    mov es, ax
000001E7: [.flat:00000000000001AB] 8E E0                                                    mov fs, ax
000001E9: [.flat:00000000000001AD] 8E E8                                                    mov gs, ax
000001EB: [.flat:00000000000001AF] 89 E0                                                    mov eax, esp
000001ED: [.flat:00000000000001B1] 50                                                       push eax 
                                                                                        
000001EE: [.flat:00000000000001B2] B8 00 00 00 00                                       	mov eax,irq_handler
000001F3: [.flat:00000000000001B7] FF D0                                                    call eax
000001F5: [.flat:00000000000001B9] 83 EC 04                                             	sub esp,4   ;corectie facuta pentru parametrul de clasa de la irq_handler
                                                                                        
                                                                                        	;call task_scheduler
                                                                                        
000001F8: [.flat:00000000000001BC] 58                                                       pop eax
                                                                                        
000001F9: [.flat:00000000000001BD] 0F A9                                                    pop gs
000001FB: [.flat:00000000000001BF] 0F A1                                                    pop fs
000001FD: [.flat:00000000000001C1] 07                                                       pop es
000001FE: [.flat:00000000000001C2] 1F                                                       pop ds
000001FF: [.flat:00000000000001C3] 61                                                       popa
00000200: [.flat:00000000000001C4] 83 C4 08                                                 add esp, 8
00000203: [.flat:00000000000001C7] CF                                                       iret
                                                                                        
                                                                                        ;------------------------------------------------------ISRs-----------------------------------------
          [.flat:00000000000001C8]                                                      public isr0 as '_isr0'
                                                                                        isr0:
00000204:                          FA                                                       cli
00000205: [.flat:00000000000001C9] 6A 00                                                    push 0
00000207: [.flat:00000000000001CB] 6A 00                                                    push 0
00000209: [.flat:00000000000001CD] EB A4                                                    jmp isr_common_stub
                                                                                        
          [.flat:00000000000001CF]                                                      public isr1 as '_isr1'
                                                                                        isr1:
0000020B:                          FA                                                       cli
0000020C: [.flat:00000000000001D0] 6A 00                                                    push 0
0000020E: [.flat:00000000000001D2] 6A 01                                                    push 1
00000210: [.flat:00000000000001D4] EB 9D                                                    jmp isr_common_stub
                                                                                        
          [.flat:00000000000001D6]                                                      public isr2 as '_isr2'
                                                                                        isr2:
00000212:                          FA                                                       cli
00000213: [.flat:00000000000001D7] 6A 00                                                    push 0
00000215: [.flat:00000000000001D9] 6A 02                                                    push 2
00000217: [.flat:00000000000001DB] EB 96                                                    jmp isr_common_stub
                                                                                        
          [.flat:00000000000001DD]                                                      public isr3 as '_isr3'
                                                                                        isr3:
00000219:                          FA                                                       cli
0000021A: [.flat:00000000000001DE] 6A 00                                                    push 0
0000021C: [.flat:00000000000001E0] 6A 03                                                    push 3
0000021E: [.flat:00000000000001E2] EB 8F                                                    jmp isr_common_stub
                                                                                        
          [.flat:00000000000001E4]                                                      public isr4 as '_isr4'
                                                                                        isr4:
00000220:                          FA                                                       cli
00000221: [.flat:00000000000001E5] 6A 00                                                    push 0
00000223: [.flat:00000000000001E7] 6A 04                                                    push 4
00000225: [.flat:00000000000001E9] EB 88                                                    jmp isr_common_stub
                                                                                        
          [.flat:00000000000001EB]                                                      public isr5 as '_isr5'	
                                                                                        isr5:
00000227:                          FA                                                       cli
00000228: [.flat:00000000000001EC] 6A 00                                                    push 0
0000022A: [.flat:00000000000001EE] 6A 05                                                    push 5
0000022C: [.flat:00000000000001F0] EB 81                                                    jmp isr_common_stub
                                                                                        
          [.flat:00000000000001F2]                                                      public isr6 as '_isr6'
                                                                                        isr6:
0000022E:                          FA                                                       cli
0000022F: [.flat:00000000000001F3] 6A 00                                                    push 0
00000231: [.flat:00000000000001F5] 6A 06                                                    push 6
00000233: [.flat:00000000000001F7] E9 77 FF FF FF                                           jmp isr_common_stub
                                                                                        
          [.flat:00000000000001FC]                                                      public isr7 as '_isr7'	
                                                                                        isr7:
00000238:                          FA                                                       cli
00000239: [.flat:00000000000001FD] 6A 00                                                    push 0
0000023B: [.flat:00000000000001FF] 6A 07                                                    push 7
0000023D: [.flat:0000000000000201] E9 6D FF FF FF                                           jmp isr_common_stub
                                                                                        
          [.flat:0000000000000206]                                                      public isr8 as '_isr8'	
                                                                                        isr8:
00000242:                          FA                                                       cli
00000243: [.flat:0000000000000207] 6A 00                                                	push 0
00000245: [.flat:0000000000000209] 6A 08                                                    push 8
00000247: [.flat:000000000000020B] E9 63 FF FF FF                                           jmp isr_common_stub
                                                                                        
          [.flat:0000000000000210]                                                      public isr9 as '_isr9'	
                                                                                        isr9:
0000024C:                          FA                                                       cli
0000024D: [.flat:0000000000000211] 6A 00                                                    push 0
0000024F: [.flat:0000000000000213] 6A 09                                                    push 9
00000251: [.flat:0000000000000215] E9 59 FF FF FF                                           jmp isr_common_stub
                                                                                        
          [.flat:000000000000021A]                                                      public isr10 as '_isr10'
                                                                                        isr10:
00000256:                          FA                                                       cli
00000257: [.flat:000000000000021B] 6A 00                                                	push 0
00000259: [.flat:000000000000021D] 6A 0A                                                    push 10
0000025B: [.flat:000000000000021F] E9 4F FF FF FF                                           jmp isr_common_stub
                                                                                        
          [.flat:0000000000000224]                                                      public isr11 as '_isr11'
                                                                                        isr11:
00000260:                          FA                                                       cli
00000261: [.flat:0000000000000225] 6A 00                                                	push 0
00000263: [.flat:0000000000000227] 6A 0B                                                    push 11
00000265: [.flat:0000000000000229] E9 45 FF FF FF                                           jmp isr_common_stub
                                                                                        
          [.flat:000000000000022E]                                                      public isr12 as '_isr12'
                                                                                        isr12:
0000026A:                          FA                                                       cli
0000026B: [.flat:000000000000022F] 6A 00                                                	push 0
0000026D: [.flat:0000000000000231] 6A 0C                                                    push 12
0000026F: [.flat:0000000000000233] E9 3B FF FF FF                                           jmp isr_common_stub
                                                                                        
          [.flat:0000000000000238]                                                      public isr13 as '_isr13'
                                                                                        isr13:
00000274:                          FA                                                       cli
00000275: [.flat:0000000000000239] 6A 00                                                	push 0
00000277: [.flat:000000000000023B] 6A 0D                                                    push 13
00000279: [.flat:000000000000023D] E9 31 FF FF FF                                           jmp isr_common_stub
                                                                                        
          [.flat:0000000000000242]                                                      public isr14 as '_isr14'
                                                                                        isr14:
0000027E:                          FA                                                       cli
0000027F: [.flat:0000000000000243] 6A 00                                                	push 0
00000281: [.flat:0000000000000245] 6A 0E                                                    push 14
00000283: [.flat:0000000000000247] E9 27 FF FF FF                                           jmp isr_common_stub
                                                                                        
          [.flat:000000000000024C]                                                      public isr15 as '_isr15'
                                                                                        isr15:
00000288:                          FA                                                       cli
00000289: [.flat:000000000000024D] 6A 00                                                    push 0
0000028B: [.flat:000000000000024F] 6A 0F                                                    push 15
0000028D: [.flat:0000000000000251] E9 1D FF FF FF                                           jmp isr_common_stub
                                                                                        
          [.flat:0000000000000256]                                                      public isr16 as '_isr16'	
                                                                                        isr16:
00000292:                          FA                                                       cli
00000293: [.flat:0000000000000257] 6A 00                                                    push 0
00000295: [.flat:0000000000000259] 6A 10                                                    push 16
00000297: [.flat:000000000000025B] E9 13 FF FF FF                                           jmp isr_common_stub
                                                                                        
          [.flat:0000000000000260]                                                      public isr_generic as '_isr_generic'	
                                                                                        isr_generic:
0000029C:                          FA                                                       cli
0000029D: [.flat:0000000000000261] 6A 00                                                    push 0
0000029F: [.flat:0000000000000263] 6A 32                                                    push 50
000002A1: [.flat:0000000000000265] E9 09 FF FF FF                                           jmp isr_common_stub
                                                                                        
                                                                                        ;---------------------------------------------------IRQs----------------------------------------	
          [.flat:000000000000026A]                                                      public irq0 as '_irq0'
                                                                                        irq0:
000002A6:                          FA                                                       cli
000002A7: [.flat:000000000000026B] 6A 00                                                    push 0
000002A9: [.flat:000000000000026D] 6A 20                                                    push 32
000002AB: [.flat:000000000000026F] E9 28 FF FF FF                                           jmp irq_common_stub
                                                                                        
          [.flat:0000000000000274]                                                      public irq1 as '_irq1'
                                                                                        irq1:
000002B0:                          FA                                                       cli
000002B1: [.flat:0000000000000275] 6A 00                                                    push 0
000002B3: [.flat:0000000000000277] 6A 21                                                    push 33
000002B5: [.flat:0000000000000279] E9 1E FF FF FF                                           jmp irq_common_stub
                                                                                        
          [.flat:000000000000027E]                                                      public irq2 as '_irq2'
                                                                                        irq2:
000002BA:                          FA                                                       cli
000002BB: [.flat:000000000000027F] 6A 00                                                    push 0
000002BD: [.flat:0000000000000281] 6A 22                                                    push 34
000002BF: [.flat:0000000000000283] E9 14 FF FF FF                                           jmp irq_common_stub
                                                                                        
          [.flat:0000000000000288]                                                      public irq3 as '_irq3'
                                                                                        irq3:
000002C4:                          FA                                                       cli
000002C5: [.flat:0000000000000289] 6A 00                                                    push 0
000002C7: [.flat:000000000000028B] 6A 23                                                    push 35
000002C9: [.flat:000000000000028D] E9 0A FF FF FF                                           jmp irq_common_stub
                                                                                        
          [.flat:0000000000000292]                                                      public irq4 as '_irq4'
                                                                                        irq4:
000002CE:                          FA                                                       cli
000002CF: [.flat:0000000000000293] 6A 00                                                    push 0
000002D1: [.flat:0000000000000295] 6A 24                                                    push 36
000002D3: [.flat:0000000000000297] E9 00 FF FF FF                                           jmp irq_common_stub
                                                                                        
          [.flat:000000000000029C]                                                      public irq5 as '_irq5'
                                                                                        irq5:
000002D8:                          FA                                                       cli
000002D9: [.flat:000000000000029D] 6A 00                                                    push 0
000002DB: [.flat:000000000000029F] 6A 25                                                    push 37
000002DD: [.flat:00000000000002A1] E9 F6 FE FF FF                                           jmp irq_common_stub
                                                                                        
          [.flat:00000000000002A6]                                                      public irq6 as '_irq6'
                                                                                        irq6:
000002E2:                          FA                                                       cli
000002E3: [.flat:00000000000002A7] 6A 00                                                    push 0
000002E5: [.flat:00000000000002A9] 6A 26                                                    push 38
000002E7: [.flat:00000000000002AB] E9 EC FE FF FF                                           jmp irq_common_stub
                                                                                        
          [.flat:00000000000002B0]                                                      public irq7 as '_irq7'
                                                                                        irq7:
000002EC:                          FA                                                       cli
000002ED: [.flat:00000000000002B1] 6A 00                                                    push 0
000002EF: [.flat:00000000000002B3] 6A 27                                                    push 39
000002F1: [.flat:00000000000002B5] E9 E2 FE FF FF                                           jmp irq_common_stub
                                                                                        
          [.flat:00000000000002BA]                                                      public irq8 as '_irq8'
                                                                                        irq8:
000002F6:                          FA                                                       cli
000002F7: [.flat:00000000000002BB] 6A 00                                                    push 0
000002F9: [.flat:00000000000002BD] 6A 28                                                    push 40
000002FB: [.flat:00000000000002BF] E9 D8 FE FF FF                                           jmp irq_common_stub
                                                                                        
          [.flat:00000000000002C4]                                                      public irq9 as '_irq9'
                                                                                        irq9:
00000300:                          FA                                                       cli
00000301: [.flat:00000000000002C5] 6A 00                                                    push 0
00000303: [.flat:00000000000002C7] 6A 29                                                    push 41
00000305: [.flat:00000000000002C9] E9 CE FE FF FF                                           jmp irq_common_stub
                                                                                        
          [.flat:00000000000002CE]                                                      public irq10 as '_irq10'
                                                                                        irq10:
0000030A:                          FA                                                       cli
0000030B: [.flat:00000000000002CF] 6A 00                                                    push 0
0000030D: [.flat:00000000000002D1] 6A 2A                                                    push 42
0000030F: [.flat:00000000000002D3] E9 C4 FE FF FF                                           jmp irq_common_stub
                                                                                        
          [.flat:00000000000002D8]                                                      public irq11 as '_irq11'
                                                                                        irq11:
00000314:                          FA                                                       cli
00000315: [.flat:00000000000002D9] 6A 00                                                    push 0
00000317: [.flat:00000000000002DB] 6A 2B                                                    push 43
00000319: [.flat:00000000000002DD] E9 BA FE FF FF                                           jmp irq_common_stub
                                                                                        
          [.flat:00000000000002E2]                                                      public irq12 as '_irq12'
                                                                                        irq12:
0000031E:                          FA                                                       cli
0000031F: [.flat:00000000000002E3] 6A 00                                                    push 0
00000321: [.flat:00000000000002E5] 6A 2C                                                    push 44
00000323: [.flat:00000000000002E7] E9 B0 FE FF FF                                           jmp irq_common_stub
                                                                                        
          [.flat:00000000000002EC]                                                      public irq13 as '_irq13'
                                                                                        irq13:
00000328:                          FA                                                       cli
00000329: [.flat:00000000000002ED] 6A 00                                                    push 0
0000032B: [.flat:00000000000002EF] 6A 2D                                                    push 45
0000032D: [.flat:00000000000002F1] E9 A6 FE FF FF                                           jmp irq_common_stub
                                                                                        
          [.flat:00000000000002F6]                                                      public irq14 as '_irq14'
                                                                                        irq14:
00000332:                          FA                                                       cli
00000333: [.flat:00000000000002F7] 6A 00                                                    push 0
00000335: [.flat:00000000000002F9] 6A 2E                                                    push 46
00000337: [.flat:00000000000002FB] E9 9C FE FF FF                                           jmp irq_common_stub
                                                                                        
          [.flat:0000000000000300]                                                      public irq15 as '_irq15'
                                                                                        irq15:
0000033C:                          FA                                                       cli
0000033D: [.flat:0000000000000301] 6A 00                                                    push 0
0000033F: [.flat:0000000000000303] 6A 2F                                                    push 47
00000341: [.flat:0000000000000305] E9 92 FE FF FF                                           jmp irq_common_stub
                                                                                        
          [.flat:000000000000030A]                                                      public type_info as '??_7type_info@@6B@'
                                                                                        type_info:
00000346:                          00 00 00 00                                          	dd 0
0000034A: [.flat:000000000000030E] 00 00 00 00                                          	dd 0
